\BOOKMARK [0][-]{chapter.1}{\376\377\000C\000u\000b\000e\000S\000A\000T\000\040\000O\000v\000e\000r\000v\000i\000e\000w}{}% 1
\BOOKMARK [1][-]{section.1.1}{\376\377\000T\000e\000c\000h\000n\000i\000c\000a\000l\000\040\000B\000r\000e\000a\000k\000d\000o\000w\000n}{chapter.1}% 2
\BOOKMARK [2][-]{subsection.1.1.1}{\376\377\000C\000o\000m\000m\000u\000n\000i\000c\000a\000t\000i\000o\000n\000\040\000a\000n\000d\000\040\000D\000a\000t\000a\000\040\000H\000a\000n\000d\000l\000i\000n\000g}{section.1.1}% 3
\BOOKMARK [3][-]{section*.2}{\376\377\000M\000i\000c\000r\000o\000c\000o\000n\000t\000r\000o\000l\000l\000e\000r\000\040\000S\000e\000l\000e\000c\000t\000i\000o\000n}{subsection.1.1.1}% 4
\BOOKMARK [3][-]{section*.4}{\376\377\000G\000P\000S\000\040\000S\000e\000l\000e\000c\000t\000i\000o\000n}{subsection.1.1.1}% 5
\BOOKMARK [3][-]{section*.6}{\376\377\000I\000M\000U\000\040\000S\000e\000l\000e\000c\000t\000i\000o\000n}{subsection.1.1.1}% 6
\BOOKMARK [3][-]{section*.7}{\376\377\000M\000a\000g\000n\000e\000t\000o\000m\000e\000t\000e\000r\000\040\000S\000e\000l\000e\000c\000t\000i\000o\000n}{subsection.1.1.1}% 7
\BOOKMARK [3][-]{section*.9}{\376\377\000B\000a\000r\000o\000m\000e\000t\000e\000r\000\040\000S\000e\000l\000e\000c\000t\000i\000o\000n}{subsection.1.1.1}% 8
\BOOKMARK [2][-]{subsection.1.1.2}{\376\377\000P\000o\000w\000e\000r}{section.1.1}% 9
\BOOKMARK [3][-]{section*.11}{\376\377\000B\000a\000t\000t\000e\000r\000y\000\040\000M\000o\000n\000i\000t\000o\000r}{subsection.1.1.2}% 10
\BOOKMARK [2][-]{subsection.1.1.3}{\376\377\000R\000a\000d\000i\000o\000\040\000M\000o\000d\000e\000m}{section.1.1}% 11
\BOOKMARK [2][-]{subsection.1.1.4}{\376\377\000A\000n\000t\000e\000n\000n\000a}{section.1.1}% 12
\BOOKMARK [0][-]{chapter.2}{\376\377\000D\000e\000s\000i\000g\000n\000\040\000I\000m\000p\000l\000e\000m\000e\000n\000t\000a\000t\000i\000o\000n}{}% 13
\BOOKMARK [1][-]{section.2.1}{\376\377\000P\000o\000w\000e\000r\000\040\000P\000C\000B\000\040\000D\000e\000s\000i\000g\000n}{chapter.2}% 14
\BOOKMARK [1][-]{section.2.2}{\376\377\000C\000D\000H\000\040\000P\000C\000B\000\040\000D\000e\000s\000i\000g\000n}{chapter.2}% 15
\BOOKMARK [1][-]{section.2.3}{\376\377\000D\000a\000t\000a\000\040\000H\000a\000n\000d\000l\000i\000n\000g}{chapter.2}% 16
\BOOKMARK [0][-]{chapter.3}{\376\377\000D\000e\000s\000i\000g\000n\000\040\000V\000e\000r\000i\000f\000i\000c\000a\000t\000i\000o\000n\000\040\000a\000n\000d\000\040\000V\000a\000l\000i\000d\000a\000t\000i\000o\000n}{}% 17
\BOOKMARK [1][-]{section.3.1}{\376\377\000P\000a\000y\000l\000o\000a\000d\000\040\000S\000u\000b\000s\000y\000s\000t\000e\000m}{chapter.3}% 18
\BOOKMARK [2][-]{subsection.3.1.1}{\376\377\000M\000i\000c\000r\000o\000c\000o\000n\000t\000r\000o\000l\000l\000e\000r}{section.3.1}% 19
\BOOKMARK [0][-]{chapter.4}{\376\377\000S\000y\000s\000t\000e\000m\000\040\000R\000e\000q\000u\000i\000r\000e\000m\000e\000n\000t\000s\000\040\000C\000o\000m\000p\000l\000i\000a\000n\000c\000e}{}% 20
